# JRE version: Java(TM) SE Runtime Environment (8.0_60-b27) (build 1.8.0_60-b27)
# Java VM: Java HotSpot(TM) Client VM (25.60-b23 mixed mode windows-x86 )
Heap:
 def new generation   total 34624K, used 30784K [0x03c00000, 0x06190000, 0x19150000)
  eden space 30784K, 100% used [0x03c00000, 0x05a10000, 0x05a10000)
  from space 3840K,   0% used [0x05a10000, 0x05a10000, 0x05dd0000)
  to   space 3840K,  46% used [0x05dd0000, 0x05f8e8b8, 0x06190000)
 tenured generation   total 76852K, used 46109K [0x19150000, 0x1dc5d000, 0x43c00000)
   the space 76852K,  59% used [0x19150000, 0x1be57670, 0x1be57800, 0x1dc5d000)
 Metaspace       used 31235K, capacity 32263K, committed 32768K, reserved 33152K
GC Heap History (10 events):
Event: 5708.822 GC heap after
Heap after GC invocations=155 (full 6):
 def new generation   total 31104K, used 3456K [0x03c00000, 0x05dc0000, 0x19150000)
  eden space 27648K,   0% used [0x03c00000, 0x03c00000, 0x05700000)
  from space 3456K, 100% used [0x05700000, 0x05a60000, 0x05a60000)
  to   space 3456K,   0% used [0x05a60000, 0x05a60000, 0x05dc0000)
 tenured generation   total 69012K, used 51036K [0x19150000, 0x1d4b5000, 0x43c00000)
   the space 69012K,  73% used [0x19150000, 0x1c327090, 0x1c327200, 0x1d4b5000)
 Metaspace       used 29935K, capacity 30992K, committed 31104K, reserved 31104K
}
Event: 5709.458 GC heap before
{Heap before GC invocations=155 (full 6):
 def new generation   total 31104K, used 31104K [0x03c00000, 0x05dc0000, 0x19150000)
  eden space 27648K, 100% used [0x03c00000, 0x05700000, 0x05700000)
  from space 3456K, 100% used [0x05700000, 0x05a60000, 0x05a60000)
  to   space 3456K,   0% used [0x05a60000, 0x05a60000, 0x05dc0000)
 tenured generation   total 69012K, used 51036K [0x19150000, 0x1d4b5000, 0x43c00000)
   the space 69012K,  73% used [0x19150000, 0x1c327090, 0x1c327200, 0x1d4b5000)
 Metaspace       used 30042K, capacity 31120K, committed 31232K, reserved 32128K
Event: 5709.488 GC heap after
Heap after GC invocations=156 (full 6):
 def new generation   total 31104K, used 3456K [0x03c00000, 0x05dc0000, 0x19150000)
  eden space 27648K,   0% used [0x03c00000, 0x03c00000, 0x05700000)
  from space 3456K, 100% used [0x05a60000, 0x05dc0000, 0x05dc0000)
  to   space 3456K,   0% used [0x05700000, 0x05700000, 0x05a60000)
 tenured generation   total 69012K, used 58733K [0x19150000, 0x1d4b5000, 0x43c00000)
   the space 69012K,  85% used [0x19150000, 0x1caab778, 0x1caab800, 0x1d4b5000)
 Metaspace       used 30042K, capacity 31120K, committed 31232K, reserved 32128K
}
Event: 5711.149 GC heap before
{Heap before GC invocations=156 (full 6):
 def new generation   total 31104K, used 31104K [0x03c00000, 0x05dc0000, 0x19150000)
  eden space 27648K, 100% used [0x03c00000, 0x05700000, 0x05700000)
  from space 3456K, 100% used [0x05a60000, 0x05dc0000, 0x05dc0000)
  to   space 3456K,   0% used [0x05700000, 0x05700000, 0x05a60000)
 tenured generation   total 69012K, used 58733K [0x19150000, 0x1d4b5000, 0x43c00000)
   the space 69012K,  85% used [0x19150000, 0x1caab778, 0x1caab800, 0x1d4b5000)
 Metaspace       used 30464K, capacity 31538K, committed 31616K, reserved 32128K
Event: 5711.177 GC heap after
Heap after GC invocations=157 (full 6):
 def new generation   total 31104K, used 2533K [0x03c00000, 0x05dc0000, 0x19150000)
  eden space 27648K,   0% used [0x03c00000, 0x03c00000, 0x05700000)
  from space 3456K,  73% used [0x05700000, 0x05979428, 0x05a60000)
  to   space 3456K,   0% used [0x05a60000, 0x05a60000, 0x05dc0000)
 tenured generation   total 69012K, used 61882K [0x19150000, 0x1d4b5000, 0x43c00000)
   the space 69012K,  89% used [0x19150000, 0x1cdbea20, 0x1cdbec00, 0x1d4b5000)
 Metaspace       used 30464K, capacity 31538K, committed 31616K, reserved 32128K
}
Event: 5719.769 GC heap before
{Heap before GC invocations=157 (full 6):
 def new generation   total 31104K, used 30181K [0x03c00000, 0x05dc0000, 0x19150000)
  eden space 27648K, 100% used [0x03c00000, 0x05700000, 0x05700000)
  from space 3456K,  73% used [0x05700000, 0x05979428, 0x05a60000)
  to   space 3456K,   0% used [0x05a60000, 0x05a60000, 0x05dc0000)
 tenured generation   total 69012K, used 61882K [0x19150000, 0x1d4b5000, 0x43c00000)
   the space 69012K,  89% used [0x19150000, 0x1cdbea20, 0x1cdbec00, 0x1d4b5000)
 Metaspace       used 31534K, capacity 32641K, committed 32768K, reserved 33152K
Event: 5719.813 GC heap after
Heap after GC invocations=158 (full 6):
 def new generation   total 31104K, used 2963K [0x03c00000, 0x05dc0000, 0x19150000)
  eden space 27648K,   0% used [0x03c00000, 0x03c00000, 0x05700000)
  from space 3456K,  85% used [0x05a60000, 0x05d44db8, 0x05dc0000)
  to   space 3456K,   0% used [0x05700000, 0x05700000, 0x05a60000)
 tenured generation   total 69012K, used 64310K [0x19150000, 0x1d4b5000, 0x43c00000)
   the space 69012K,  93% used [0x19150000, 0x1d01d9a0, 0x1d01da00, 0x1d4b5000)
 Metaspace       used 31534K, capacity 32641K, committed 32768K, reserved 33152K
}
Event: 5722.596 GC heap before
{Heap before GC invocations=158 (full 6):
 def new generation   total 31104K, used 6810K [0x03c00000, 0x05dc0000, 0x19150000)
  eden space 27648K,  13% used [0x03c00000, 0x03fc1d20, 0x05700000)
  from space 3456K,  85% used [0x05a60000, 0x05d44db8, 0x05dc0000)
  to   space 3456K,   0% used [0x05700000, 0x05700000, 0x05a60000)
 tenured generation   total 69012K, used 64310K [0x19150000, 0x1d4b5000, 0x43c00000)
   the space 69012K,  93% used [0x19150000, 0x1d01d9a0, 0x1d01da00, 0x1d4b5000)
 Metaspace       used 31635K, capacity 32740K, committed 32768K, reserved 33152K
Event: 5722.774 GC heap after
Heap after GC invocations=159 (full 7):
 def new generation   total 34624K, used 0K [0x03c00000, 0x06190000, 0x19150000)
  eden space 30784K,   0% used [0x03c00000, 0x03c00000, 0x05a10000)
  from space 3840K,   0% used [0x05a10000, 0x05a10000, 0x05dd0000)
  to   space 3840K,   0% used [0x05dd0000, 0x05dd0000, 0x06190000)
 tenured generation   total 76852K, used 46109K [0x19150000, 0x1dc5d000, 0x43c00000)
   the space 76852K,  59% used [0x19150000, 0x1be57670, 0x1be57800, 0x1dc5d000)
 Metaspace       used 31140K, capacity 32131K, committed 32768K, reserved 33152K
}
Event: 6315.439 GC heap before
{Heap before GC invocations=159 (full 7):
 def new generation   total 34624K, used 30784K [0x03c00000, 0x06190000, 0x19150000)
  eden space 30784K, 100% used [0x03c00000, 0x05a10000, 0x05a10000)
  from space 3840K,   0% used [0x05a10000, 0x05a10000, 0x05dd0000)
  to   space 3840K,   0% used [0x05dd0000, 0x05dd0000, 0x06190000)
 tenured generation   total 76852K, used 46109K [0x19150000, 0x1dc5d000, 0x43c00000)
   the space 76852K,  59% used [0x19150000, 0x1be57670, 0x1be57800, 0x1dc5d000)
 Metaspace       used 31235K, capacity 32263K, committed 32768K, reserved 33152K

